<?xml version="1.0" encoding="UTF-8"?>
<!-- Generated by org.testng.reporters.JUnitReportReporter -->
<testsuite hostname="priya-0711k" failures="0" tests="1" name="testCases.Vlogin" time="8.838" errors="0" timestamp="2023-04-03T00:13:44 IST" skipped="0">
  <testcase classname="testCases.Vlogin" name="Vlogin" time="8.838"/>
  <system-out/>
</testsuite> <!-- testCases.Vlogin -->
