<?xml version="1.0" encoding="UTF-8"?>
<!-- Generated by org.testng.reporters.JUnitReportReporter -->
<testsuite hostname="priya-0711k" failures="0" tests="1" name="testCases.Signup" time="8.863" errors="0" timestamp="2023-04-03T00:13:44 IST" skipped="0">
  <testcase classname="testCases.Signup" name="Signup" time="8.863"/>
  <system-out/>
</testsuite> <!-- testCases.Signup -->
